  Compiling CUDA source file FpsDisplay.cu...
  Compiling CUDA source file kernel.cu...
  
  C:\Users\Batman\Desktop\Computer Science\Licence\Rmn Render\Rmn Render>"C:\Program Files\NVIDIA GPU Computing Toolkit\CUDA\v8.0\bin\nvcc.exe" -gencode=arch=compute_20,code=\"sm_20,compute_20\" --use-local-env --cl-version 2015 -ccbin "C:\Program Files (x86)\Microsoft Visual Studio 14.0\VC\bin\x86_amd64"  -I"C:\Users\Batman\Desktop\Computer Science\Licence\Rmn Render\\freeglut\include" -I"C:\Users\Batman\Desktop\Computer Science\Licence\Rmn Render\\freeglut\include" -I"C:\Program Files\NVIDIA GPU Computing Toolkit\CUDA\v8.0\include" -I"C:\Program Files\NVIDIA GPU Computing Toolkit\CUDA\v8.0\include" -I"C:\Program Files\NVIDIA GPU Computing Toolkit\CUDA\v8.0\include"     --keep-dir x64\Release -maxrregcount=0 --ptxas-options=-v --machine 64 --compile -cudart static -Xptxas -v -Wno-deprecated-gpu-targets    -DWIN32 -DWIN64 -DNDEBUG -D_CONSOLE -D_MBCS -Xcompiler "/EHsc /W3 /nologo /O2 /FS /Zi  /MD " -o x64\Release\FpsDisplay.cu.obj "C:\Users\Batman\Desktop\Computer Science\Licence\Rmn Render\Rmn Render\FpsDisplay.cu" 
  
  C:\Users\Batman\Desktop\Computer Science\Licence\Rmn Render\Rmn Render>"C:\Program Files\NVIDIA GPU Computing Toolkit\CUDA\v8.0\bin\nvcc.exe" -gencode=arch=compute_20,code=\"sm_20,compute_20\" --use-local-env --cl-version 2015 -ccbin "C:\Program Files (x86)\Microsoft Visual Studio 14.0\VC\bin\x86_amd64"  -I"C:\Users\Batman\Desktop\Computer Science\Licence\Rmn Render\\freeglut\include" -I"C:\Users\Batman\Desktop\Computer Science\Licence\Rmn Render\\freeglut\include" -I"C:\Program Files\NVIDIA GPU Computing Toolkit\CUDA\v8.0\include" -I"C:\Program Files\NVIDIA GPU Computing Toolkit\CUDA\v8.0\include" -I"C:\Program Files\NVIDIA GPU Computing Toolkit\CUDA\v8.0\include"     --keep-dir x64\Release -maxrregcount=0 --ptxas-options=-v --machine 64 --compile -cudart static -Xptxas -v -Wno-deprecated-gpu-targets    -DWIN32 -DWIN64 -DNDEBUG -D_CONSOLE -D_MBCS -Xcompiler "/EHsc /W3 /nologo /O2 /FS /Zi  /MD " -o x64\Release\kernel.cu.obj "C:\Users\Batman\Desktop\Computer Science\Licence\Rmn Render\Rmn Render\kernel.cu" 
C:/Users/Batman/Desktop/Computer Science/Licence/Rmn Render/Rmn Render/kernel.cu(48): warning : variable "dim" was declared but never referenced
  ptxas info    : 96 bytes gmem, 32 bytes cmem[14]
  ptxas info    : Compiling entry function '_Z14drawPointPixelPc5uint2S0_P6uchar4' for 'sm_20'
  ptxas info    : Function properties for _Z14drawPointPixelPc5uint2S0_P6uchar4
      0 bytes stack frame, 0 bytes spill stores, 0 bytes spill loads
  ptxas info    : Used 8 registers, 64 bytes cmem[0]
  ptxas info    : Compiling entry function '_Z14drawDigitPixelPc5uint2yS0_P6uchar4' for 'sm_20'
  ptxas info    : Function properties for _Z14drawDigitPixelPc5uint2yS0_P6uchar4
      0 bytes stack frame, 0 bytes spill stores, 0 bytes spill loads
  ptxas info    : Used 9 registers, 72 bytes cmem[0]
  FpsDisplay.cu
C:/Users/Batman/Desktop/Computer Science/Licence/Rmn Render/Rmn Render/kernel.cu(48): warning : variable "dim" was declared but never referenced
  ptxas info    : 1096 bytes gmem, 376 bytes cmem[2], 160 bytes cmem[14]
  ptxas info    : Compiling entry function '_Z11renderFramePh4dim35uint2jP6float3P6uchar4' for 'sm_20'
  ptxas info    : Function properties for _Z11renderFramePh4dim35uint2jP6float3P6uchar4
      32 bytes stack frame, 0 bytes spill stores, 0 bytes spill loads
  ptxas info    : Used 39 registers, 88 bytes cmem[0], 68 bytes cmem[16], 1 textures
  ptxas info    : Compiling entry function '_Z16calculateNormalsPh4dim3P6float3' for 'sm_20'
  ptxas info    : Function properties for _Z16calculateNormalsPh4dim3P6float3
      0 bytes stack frame, 0 bytes spill stores, 0 bytes spill loads
  ptxas info    : Used 31 registers, 64 bytes cmem[0], 12 bytes cmem[16]
  kernel.cu
C:/Users/Batman/Desktop/Computer Science/Licence/Rmn Render/Rmn Render/kernel.cu(550): warning C4244: 'initializing': conversion from 'unsigned int' to 'float', possible loss of data
  Microsoft (R) Incremental Linker Version 14.00.24215.1
  Copyright (C) Microsoft Corporation.  All rights reserved.
  
  "/OUT:C:\Users\Batman\Desktop\Computer Science\Licence\Rmn Render\x64\Release\Rmn Render.exe" "/LIBPATH:C:\Users\Batman\Desktop\Computer Science\Licence\Rmn Render\\freeglut\lib\x64\\" "/LIBPATH:C:\Program Files\NVIDIA GPU Computing Toolkit\CUDA\v8.0\lib\x64" "/LIBPATH:C:\Program Files\NVIDIA GPU Computing Toolkit\CUDA\v8.0\lib\x64" cudart.lib kernel32.lib user32.lib gdi32.lib winspool.lib comdlg32.lib advapi32.lib shell32.lib ole32.lib oleaut32.lib uuid.lib odbc32.lib odbccp32.lib freeglut.lib kernel32.lib user32.lib gdi32.lib winspool.lib comdlg32.lib advapi32.lib shell32.lib ole32.lib oleaut32.lib uuid.lib odbc32.lib odbccp32.lib /MANIFEST "/MANIFESTUAC:level='asInvoker' uiAccess='false'" /manifest:embed /DEBUG "/PDB:C:\Users\Batman\Desktop\Computer Science\Licence\Rmn Render\x64\Release\Rmn Render.pdb" /SUBSYSTEM:CONSOLE /SWAPRUN:NET /OPT:REF /OPT:ICF /LTCG:incremental /TLBID:1 /DYNAMICBASE /NXCOMPAT "/IMPLIB:C:\Users\Batman\Desktop\Computer Science\Licence\Rmn Render\x64\Release\Rmn Render.lib" /MACHINE:X64 x64\Release\FpsDisplay.cu.obj 
  x64\Release\kernel.cu.obj 
  x64\Release\RmnDatasetFileLoader.obj 
  Generating code
  6 of 458 functions ( 1.3%) were compiled, the rest were copied from previous compilation.
    0 functions were new in current compilation
    1 functions had inline decision re-evaluated but remain unchanged
  Finished generating code
  Rmn Render.vcxproj -> C:\Users\Batman\Desktop\Computer Science\Licence\Rmn Render\x64\Release\Rmn Render.exe
  Rmn Render.vcxproj -> C:\Users\Batman\Desktop\Computer Science\Licence\Rmn Render\x64\Release\Rmn Render.pdb (Full PDB)
  copy "C:\Program Files\NVIDIA GPU Computing Toolkit\CUDA\v8.0\bin\cudart*.dll" "C:\Users\Batman\Desktop\Computer Science\Licence\Rmn Render\x64\Release\"
  C:\Program Files\NVIDIA GPU Computing Toolkit\CUDA\v8.0\bin\cudart32_80.dll
  C:\Program Files\NVIDIA GPU Computing Toolkit\CUDA\v8.0\bin\cudart64_80.dll
          2 file(s) copied.
